Identity added: /home/jordanw7/.ssh/id_ed25519 (cluster_key)
2025-10-17 23:35:18.687660: I tensorflow/core/util/port.cc:153] oneDNN custom operations are on. You may see slightly different numerical results due to floating-point round-off errors from different computation orders. To turn them off, set the environment variable `TF_ENABLE_ONEDNN_OPTS=0`.
2025-10-17 23:35:20.329236: I tensorflow/core/platform/cpu_feature_guard.cc:210] This TensorFlow binary is optimized to use available CPU instructions in performance-critical operations.
To enable the following instructions: AVX2 AVX512F AVX512_VNNI FMA, in other operations, rebuild TensorFlow with the appropriate compiler flags.
2025-10-17 23:35:35.868697: I tensorflow/core/util/port.cc:153] oneDNN custom operations are on. You may see slightly different numerical results due to floating-point round-off errors from different computation orders. To turn them off, set the environment variable `TF_ENABLE_ONEDNN_OPTS=0`.
WARNING: All log messages before absl::InitializeLog() is called are written to STDERR
I0000 00:00:1760744510.998984  555334 gpu_device.cc:2020] Created device /job:localhost/replica:0/task:0/device:GPU:0 with 14758 MB memory:  -> device: 0, name: Quadro RTX 5000, pci bus id: 0000:1c:00.0, compute capability: 7.5
2025-10-17 23:41:59.442430: I external/local_xla/xla/service/service.cc:163] XLA service 0x14d968016d90 initialized for platform CUDA (this does not guarantee that XLA will be used). Devices:
2025-10-17 23:41:59.442509: I external/local_xla/xla/service/service.cc:171]   StreamExecutor device (0): Quadro RTX 5000, Compute Capability 7.5
2025-10-17 23:41:59.632065: I tensorflow/compiler/mlir/tensorflow/utils/dump_mlir_util.cc:269] disabling MLIR crash reproducer, set env var `MLIR_CRASH_REPRODUCER_DIRECTORY` to enable.
2025-10-17 23:42:00.762549: I external/local_xla/xla/stream_executor/cuda/cuda_dnn.cc:473] Loaded cuDNN version 91301
2025-10-17 23:42:03.446468: I external/local_xla/xla/service/gpu/autotuning/conv_algorithm_picker.cc:546] Omitted potentially buggy algorithm eng14{k25=2} for conv (f32[64,32,512,640]{3,2,1,0}, u8[0]{0}) custom-call(f32[64,3,512,640]{3,2,1,0}, f32[32,3,3,3]{3,2,1,0}, f32[32]{0}), window={size=3x3 pad=1_1x1_1}, dim_labels=bf01_oi01->bf01, custom_call_target="__cudnn$convBiasActivationForward", backend_config={"operation_queue_id":"0","wait_on_operation_queues":[],"cudnn_conv_backend_config":{"activation_mode":"kNone","conv_result_scale":1,"side_input_scale":0,"leakyrelu_alpha":0},"force_earliest_schedule":false,"reification_cost":[]}
2025-10-17 23:42:04.871255: I external/local_xla/xla/service/gpu/autotuning/conv_algorithm_picker.cc:546] Omitted potentially buggy algorithm eng14{k25=2} for conv (f32[64,32,512,640]{3,2,1,0}, u8[0]{0}) custom-call(f32[64,32,512,640]{3,2,1,0}, f32[32,32,3,3]{3,2,1,0}, f32[32]{0}), window={size=3x3 pad=1_1x1_1}, dim_labels=bf01_oi01->bf01, custom_call_target="__cudnn$convBiasActivationForward", backend_config={"operation_queue_id":"0","wait_on_operation_queues":[],"cudnn_conv_backend_config":{"activation_mode":"kNone","conv_result_scale":1,"side_input_scale":0,"leakyrelu_alpha":0},"force_earliest_schedule":false,"reification_cost":[]}
2025-10-17 23:42:08.996731: E external/local_xla/xla/service/slow_operation_alarm.cc:73] Trying algorithm eng11{k2=1,k3=0} for conv (f32[64,32,512,640]{3,2,1,0}, u8[0]{0}) custom-call(f32[64,32,512,640]{3,2,1,0}, f32[32,32,3,3]{3,2,1,0}, f32[32]{0}), window={size=3x3 pad=1_1x1_1}, dim_labels=bf01_oi01->bf01, custom_call_target="__cudnn$convBiasActivationForward", backend_config={"operation_queue_id":"0","wait_on_operation_queues":[],"cudnn_conv_backend_config":{"activation_mode":"kNone","conv_result_scale":1,"side_input_scale":0,"leakyrelu_alpha":0},"force_earliest_schedule":false,"reification_cost":[]} is taking a while...
2025-10-17 23:42:09.009144: E external/local_xla/xla/service/slow_operation_alarm.cc:140] The operation took 1.0126444s
Trying algorithm eng11{k2=1,k3=0} for conv (f32[64,32,512,640]{3,2,1,0}, u8[0]{0}) custom-call(f32[64,32,512,640]{3,2,1,0}, f32[32,32,3,3]{3,2,1,0}, f32[32]{0}), window={size=3x3 pad=1_1x1_1}, dim_labels=bf01_oi01->bf01, custom_call_target="__cudnn$convBiasActivationForward", backend_config={"operation_queue_id":"0","wait_on_operation_queues":[],"cudnn_conv_backend_config":{"activation_mode":"kNone","conv_result_scale":1,"side_input_scale":0,"leakyrelu_alpha":0},"force_earliest_schedule":false,"reification_cost":[]} is taking a while...
2025-10-17 23:42:09.013632: I external/local_xla/xla/service/gpu/autotuning/conv_algorithm_picker.cc:546] Omitted potentially buggy algorithm eng14{k25=2} for conv (f32[64,64,256,320]{3,2,1,0}, u8[0]{0}) custom-call(f32[64,32,256,320]{3,2,1,0}, f32[64,32,3,3]{3,2,1,0}, f32[64]{0}), window={size=3x3 pad=1_1x1_1}, dim_labels=bf01_oi01->bf01, custom_call_target="__cudnn$convBiasActivationForward", backend_config={"operation_queue_id":"0","wait_on_operation_queues":[],"cudnn_conv_backend_config":{"activation_mode":"kNone","conv_result_scale":1,"side_input_scale":0,"leakyrelu_alpha":0},"force_earliest_schedule":false,"reification_cost":[]}
2025-10-17 23:42:10.935714: I external/local_xla/xla/service/gpu/autotuning/conv_algorithm_picker.cc:546] Omitted potentially buggy algorithm eng14{k25=2} for conv (f32[64,64,256,320]{3,2,1,0}, u8[0]{0}) custom-call(f32[64,64,256,320]{3,2,1,0}, f32[64,64,3,3]{3,2,1,0}, f32[64]{0}), window={size=3x3 pad=1_1x1_1}, dim_labels=bf01_oi01->bf01, custom_call_target="__cudnn$convBiasActivationForward", backend_config={"operation_queue_id":"0","wait_on_operation_queues":[],"cudnn_conv_backend_config":{"activation_mode":"kNone","conv_result_scale":1,"side_input_scale":0,"leakyrelu_alpha":0},"force_earliest_schedule":false,"reification_cost":[]}
2025-10-17 23:42:13.795261: I external/local_xla/xla/service/gpu/autotuning/conv_algorithm_picker.cc:546] Omitted potentially buggy algorithm eng14{k25=2} for conv (f32[64,128,128,160]{3,2,1,0}, u8[0]{0}) custom-call(f32[64,64,128,160]{3,2,1,0}, f32[128,64,3,3]{3,2,1,0}, f32[128]{0}), window={size=3x3 pad=1_1x1_1}, dim_labels=bf01_oi01->bf01, custom_call_target="__cudnn$convBiasActivationForward", backend_config={"operation_queue_id":"0","wait_on_operation_queues":[],"cudnn_conv_backend_config":{"activation_mode":"kNone","conv_result_scale":1,"side_input_scale":0,"leakyrelu_alpha":0},"force_earliest_schedule":false,"reification_cost":[]}
2025-10-17 23:42:15.540197: I external/local_xla/xla/service/gpu/autotuning/conv_algorithm_picker.cc:546] Omitted potentially buggy algorithm eng14{k25=2} for conv (f32[64,128,128,160]{3,2,1,0}, u8[0]{0}) custom-call(f32[64,128,128,160]{3,2,1,0}, f32[128,128,3,3]{3,2,1,0}, f32[128]{0}), window={size=3x3 pad=1_1x1_1}, dim_labels=bf01_oi01->bf01, custom_call_target="__cudnn$convBiasActivationForward", backend_config={"operation_queue_id":"0","wait_on_operation_queues":[],"cudnn_conv_backend_config":{"activation_mode":"kNone","conv_result_scale":1,"side_input_scale":0,"leakyrelu_alpha":0},"force_earliest_schedule":false,"reification_cost":[]}
2025-10-17 23:42:16.747591: W external/local_xla/xla/tsl/framework/bfc_allocator.cc:310] Allocator (GPU_0_bfc) ran out of memory trying to allocate 12.11GiB with freed_by_count=0. The caller indicates that this is not a failure, but this may mean that there could be performance gains if more memory were available.
2025-10-17 23:42:17.881764: I external/local_xla/xla/service/gpu/autotuning/conv_algorithm_picker.cc:546] Omitted potentially buggy algorithm eng14{k25=2} for conv (f32[64,256,64,80]{3,2,1,0}, u8[0]{0}) custom-call(f32[64,128,64,80]{3,2,1,0}, f32[256,128,3,3]{3,2,1,0}, f32[256]{0}), window={size=3x3 pad=1_1x1_1}, dim_labels=bf01_oi01->bf01, custom_call_target="__cudnn$convBiasActivationForward", backend_config={"operation_queue_id":"0","wait_on_operation_queues":[],"cudnn_conv_backend_config":{"activation_mode":"kNone","conv_result_scale":1,"side_input_scale":0,"leakyrelu_alpha":0},"force_earliest_schedule":false,"reification_cost":[]}
2025-10-17 23:42:19.292742: I external/local_xla/xla/service/gpu/autotuning/conv_algorithm_picker.cc:546] Omitted potentially buggy algorithm eng14{k25=2} for conv (f32[64,256,64,80]{3,2,1,0}, u8[0]{0}) custom-call(f32[64,256,64,80]{3,2,1,0}, f32[256,256,3,3]{3,2,1,0}, f32[256]{0}), window={size=3x3 pad=1_1x1_1}, dim_labels=bf01_oi01->bf01, custom_call_target="__cudnn$convBiasActivationForward", backend_config={"operation_queue_id":"0","wait_on_operation_queues":[],"cudnn_conv_backend_config":{"activation_mode":"kNone","conv_result_scale":1,"side_input_scale":0,"leakyrelu_alpha":0},"force_earliest_schedule":false,"reification_cost":[]}
2025-10-17 23:42:23.342537: E external/local_xla/xla/stream_executor/cuda/cuda_timer.cc:86] Delay kernel timed out: measured time has sub-optimal accuracy. There may be a missing warmup execution, please investigate in Nsight Systems.
2025-10-17 23:42:23.596063: E external/local_xla/xla/stream_executor/cuda/cuda_timer.cc:86] Delay kernel timed out: measured time has sub-optimal accuracy. There may be a missing warmup execution, please investigate in Nsight Systems.
2025-10-17 23:42:26.253092: E external/local_xla/xla/stream_executor/cuda/cuda_timer.cc:86] Delay kernel timed out: measured time has sub-optimal accuracy. There may be a missing warmup execution, please investigate in Nsight Systems.
2025-10-17 23:42:26.458004: E external/local_xla/xla/stream_executor/cuda/cuda_timer.cc:86] Delay kernel timed out: measured time has sub-optimal accuracy. There may be a missing warmup execution, please investigate in Nsight Systems.
2025-10-17 23:42:28.119977: W external/local_xla/xla/tsl/framework/bfc_allocator.cc:310] Allocator (GPU_0_bfc) ran out of memory trying to allocate 12.11GiB with freed_by_count=0. The caller indicates that this is not a failure, but this may mean that there could be performance gains if more memory were available.
2025-10-17 23:42:29.253172: W external/local_xla/xla/tsl/framework/bfc_allocator.cc:310] Allocator (GPU_0_bfc) ran out of memory trying to allocate 12.11GiB with freed_by_count=0. The caller indicates that this is not a failure, but this may mean that there could be performance gains if more memory were available.
2025-10-17 23:42:31.650071: E external/local_xla/xla/stream_executor/cuda/cuda_timer.cc:86] Delay kernel timed out: measured time has sub-optimal accuracy. There may be a missing warmup execution, please investigate in Nsight Systems.
2025-10-17 23:42:31.946015: E external/local_xla/xla/stream_executor/cuda/cuda_timer.cc:86] Delay kernel timed out: measured time has sub-optimal accuracy. There may be a missing warmup execution, please investigate in Nsight Systems.
2025-10-17 23:42:38.136876: W external/local_xla/xla/tsl/framework/bfc_allocator.cc:310] Allocator (GPU_0_bfc) ran out of memory trying to allocate 11.27GiB with freed_by_count=0. The caller indicates that this is not a failure, but this may mean that there could be performance gains if more memory were available.
2025-10-17 23:42:42.147387: E external/local_xla/xla/service/slow_operation_alarm.cc:73] Trying algorithm eng0{} for conv (f32[64,32,512,640]{3,2,1,0}, u8[0]{0}) custom-call(f32[64,32,512,640]{3,2,1,0}, f32[32,32,3,3]{3,2,1,0}), window={size=3x3 pad=1_1x1_1}, dim_labels=bf01_oi01->bf01, custom_call_target="__cudnn$convBackwardInput", backend_config={"operation_queue_id":"0","wait_on_operation_queues":[],"cudnn_conv_backend_config":{"activation_mode":"kNone","conv_result_scale":1,"side_input_scale":0,"leakyrelu_alpha":0},"force_earliest_schedule":false,"reification_cost":[]} is taking a while...
2025-10-17 23:42:43.271656: E external/local_xla/xla/service/slow_operation_alarm.cc:140] The operation took 2.124440866s
Trying algorithm eng0{} for conv (f32[64,32,512,640]{3,2,1,0}, u8[0]{0}) custom-call(f32[64,32,512,640]{3,2,1,0}, f32[32,32,3,3]{3,2,1,0}), window={size=3x3 pad=1_1x1_1}, dim_labels=bf01_oi01->bf01, custom_call_target="__cudnn$convBackwardInput", backend_config={"operation_queue_id":"0","wait_on_operation_queues":[],"cudnn_conv_backend_config":{"activation_mode":"kNone","conv_result_scale":1,"side_input_scale":0,"leakyrelu_alpha":0},"force_earliest_schedule":false,"reification_cost":[]} is taking a while...
2025-10-17 23:42:44.272051: E external/local_xla/xla/service/slow_operation_alarm.cc:73] Trying algorithm eng2{k2=0,k3=0} for conv (f32[64,32,512,640]{3,2,1,0}, u8[0]{0}) custom-call(f32[64,32,512,640]{3,2,1,0}, f32[32,32,3,3]{3,2,1,0}), window={size=3x3 pad=1_1x1_1}, dim_labels=bf01_oi01->bf01, custom_call_target="__cudnn$convBackwardInput", backend_config={"operation_queue_id":"0","wait_on_operation_queues":[],"cudnn_conv_backend_config":{"activation_mode":"kNone","conv_result_scale":1,"side_input_scale":0,"leakyrelu_alpha":0},"force_earliest_schedule":false,"reification_cost":[]} is taking a while...
2025-10-17 23:42:44.785097: E external/local_xla/xla/service/slow_operation_alarm.cc:140] The operation took 1.51324036s
Trying algorithm eng2{k2=0,k3=0} for conv (f32[64,32,512,640]{3,2,1,0}, u8[0]{0}) custom-call(f32[64,32,512,640]{3,2,1,0}, f32[32,32,3,3]{3,2,1,0}), window={size=3x3 pad=1_1x1_1}, dim_labels=bf01_oi01->bf01, custom_call_target="__cudnn$convBackwardInput", backend_config={"operation_queue_id":"0","wait_on_operation_queues":[],"cudnn_conv_backend_config":{"activation_mode":"kNone","conv_result_scale":1,"side_input_scale":0,"leakyrelu_alpha":0},"force_earliest_schedule":false,"reification_cost":[]} is taking a while...
2025-10-17 23:42:45.785373: E external/local_xla/xla/service/slow_operation_alarm.cc:73] Trying algorithm eng2{k2=2,k3=0} for conv (f32[64,32,512,640]{3,2,1,0}, u8[0]{0}) custom-call(f32[64,32,512,640]{3,2,1,0}, f32[32,32,3,3]{3,2,1,0}), window={size=3x3 pad=1_1x1_1}, dim_labels=bf01_oi01->bf01, custom_call_target="__cudnn$convBackwardInput", backend_config={"operation_queue_id":"0","wait_on_operation_queues":[],"cudnn_conv_backend_config":{"activation_mode":"kNone","conv_result_scale":1,"side_input_scale":0,"leakyrelu_alpha":0},"force_earliest_schedule":false,"reification_cost":[]} is taking a while...
2025-10-17 23:42:46.323665: E external/local_xla/xla/service/slow_operation_alarm.cc:140] The operation took 1.538427034s
Trying algorithm eng2{k2=2,k3=0} for conv (f32[64,32,512,640]{3,2,1,0}, u8[0]{0}) custom-call(f32[64,32,512,640]{3,2,1,0}, f32[32,32,3,3]{3,2,1,0}), window={size=3x3 pad=1_1x1_1}, dim_labels=bf01_oi01->bf01, custom_call_target="__cudnn$convBackwardInput", backend_config={"operation_queue_id":"0","wait_on_operation_queues":[],"cudnn_conv_backend_config":{"activation_mode":"kNone","conv_result_scale":1,"side_input_scale":0,"leakyrelu_alpha":0},"force_earliest_schedule":false,"reification_cost":[]} is taking a while...
2025-10-17 23:42:48.505241: W external/local_xla/xla/tsl/framework/bfc_allocator.cc:310] Allocator (GPU_0_bfc) ran out of memory trying to allocate 11.27GiB with freed_by_count=0. The caller indicates that this is not a failure, but this may mean that there could be performance gains if more memory were available.
2025-10-17 23:42:51.732661: E external/local_xla/xla/service/slow_operation_alarm.cc:73] Trying algorithm eng20{k2=2,k3=0} for conv (f32[32,32,3,3]{3,2,1,0}, u8[0]{0}) custom-call(f32[64,32,512,640]{3,2,1,0}, f32[64,32,512,640]{3,2,1,0}), window={size=3x3 pad=1_1x1_1}, dim_labels=bf01_oi01->bf01, custom_call_target="__cudnn$convBackwardFilter", backend_config={"operation_queue_id":"0","wait_on_operation_queues":[],"cudnn_conv_backend_config":{"activation_mode":"kNone","conv_result_scale":1,"side_input_scale":0,"leakyrelu_alpha":0},"force_earliest_schedule":false,"reification_cost":[]} is taking a while...
2025-10-17 23:42:51.896365: E external/local_xla/xla/service/slow_operation_alarm.cc:140] The operation took 1.163914362s
Trying algorithm eng20{k2=2,k3=0} for conv (f32[32,32,3,3]{3,2,1,0}, u8[0]{0}) custom-call(f32[64,32,512,640]{3,2,1,0}, f32[64,32,512,640]{3,2,1,0}), window={size=3x3 pad=1_1x1_1}, dim_labels=bf01_oi01->bf01, custom_call_target="__cudnn$convBackwardFilter", backend_config={"operation_queue_id":"0","wait_on_operation_queues":[],"cudnn_conv_backend_config":{"activation_mode":"kNone","conv_result_scale":1,"side_input_scale":0,"leakyrelu_alpha":0},"force_earliest_schedule":false,"reification_cost":[]} is taking a while...
2025-10-17 23:42:53.776404: E external/local_xla/xla/service/slow_operation_alarm.cc:73] Trying algorithm eng1{k2=2,k3=0} for conv (f32[32,32,3,3]{3,2,1,0}, u8[0]{0}) custom-call(f32[64,32,512,640]{3,2,1,0}, f32[64,32,512,640]{3,2,1,0}), window={size=3x3 pad=1_1x1_1}, dim_labels=bf01_oi01->bf01, custom_call_target="__cudnn$convBackwardFilter", backend_config={"operation_queue_id":"0","wait_on_operation_queues":[],"cudnn_conv_backend_config":{"activation_mode":"kNone","conv_result_scale":1,"side_input_scale":0,"leakyrelu_alpha":0},"force_earliest_schedule":false,"reification_cost":[]} is taking a while...
2025-10-17 23:42:54.033044: E external/local_xla/xla/service/slow_operation_alarm.cc:140] The operation took 1.256839576s
Trying algorithm eng1{k2=2,k3=0} for conv (f32[32,32,3,3]{3,2,1,0}, u8[0]{0}) custom-call(f32[64,32,512,640]{3,2,1,0}, f32[64,32,512,640]{3,2,1,0}), window={size=3x3 pad=1_1x1_1}, dim_labels=bf01_oi01->bf01, custom_call_target="__cudnn$convBackwardFilter", backend_config={"operation_queue_id":"0","wait_on_operation_queues":[],"cudnn_conv_backend_config":{"activation_mode":"kNone","conv_result_scale":1,"side_input_scale":0,"leakyrelu_alpha":0},"force_earliest_schedule":false,"reification_cost":[]} is taking a while...
2025-10-17 23:42:55.033338: E external/local_xla/xla/service/slow_operation_alarm.cc:73] Trying algorithm eng0{} for conv (f32[32,32,3,3]{3,2,1,0}, u8[0]{0}) custom-call(f32[64,32,512,640]{3,2,1,0}, f32[64,32,512,640]{3,2,1,0}), window={size=3x3 pad=1_1x1_1}, dim_labels=bf01_oi01->bf01, custom_call_target="__cudnn$convBackwardFilter", backend_config={"operation_queue_id":"0","wait_on_operation_queues":[],"cudnn_conv_backend_config":{"activation_mode":"kNone","conv_result_scale":1,"side_input_scale":0,"leakyrelu_alpha":0},"force_earliest_schedule":false,"reification_cost":[]} is taking a while...
2025-10-17 23:42:57.672134: E external/local_xla/xla/service/slow_operation_alarm.cc:140] The operation took 3.638946054s
Trying algorithm eng0{} for conv (f32[32,32,3,3]{3,2,1,0}, u8[0]{0}) custom-call(f32[64,32,512,640]{3,2,1,0}, f32[64,32,512,640]{3,2,1,0}), window={size=3x3 pad=1_1x1_1}, dim_labels=bf01_oi01->bf01, custom_call_target="__cudnn$convBackwardFilter", backend_config={"operation_queue_id":"0","wait_on_operation_queues":[],"cudnn_conv_backend_config":{"activation_mode":"kNone","conv_result_scale":1,"side_input_scale":0,"leakyrelu_alpha":0},"force_earliest_schedule":false,"reification_cost":[]} is taking a while...
2025-10-17 23:43:13.121828: W external/local_xla/xla/hlo/transforms/simplifiers/hlo_rematerialization.cc:3023] Can't reduce memory use below 11.58GiB (12439854980 bytes) by rematerialization; only reduced to 15.64GiB (16793566888 bytes), down from 22.36GiB (24013194232 bytes) originally
I0000 00:00:1760744596.317750  556268 device_compiler.h:196] Compiled cluster using XLA!  This line is logged at most once for the lifetime of the process.
2025-10-17 23:43:26.327203: W external/local_xla/xla/tsl/framework/bfc_allocator.cc:501] Allocator (GPU_0_bfc) ran out of memory trying to allocate 15.29GiB (rounded to 16421346048)requested by op 
If the cause is memory fragmentation maybe the environment variable 'TF_GPU_ALLOCATOR=cuda_malloc_async' will improve the situation. 
Current allocation summary follows.
Current allocation summary follows.
2025-10-17 23:43:26.327271: I external/local_xla/xla/tsl/framework/bfc_allocator.cc:1049] BFCAllocator dump for GPU_0_bfc
2025-10-17 23:43:26.327288: I external/local_xla/xla/tsl/framework/bfc_allocator.cc:1056] Bin (256): 	Total Chunks: 63, Chunks in use: 63. 15.8KiB allocated for chunks. 15.8KiB in use in bin. 3.8KiB client-requested in use in bin.
2025-10-17 23:43:26.327298: I external/local_xla/xla/tsl/framework/bfc_allocator.cc:1056] Bin (512): 	Total Chunks: 9, Chunks in use: 9. 4.5KiB allocated for chunks. 4.5KiB in use in bin. 4.5KiB client-requested in use in bin.
2025-10-17 23:43:26.327307: I external/local_xla/xla/tsl/framework/bfc_allocator.cc:1056] Bin (1024): 	Total Chunks: 10, Chunks in use: 10. 10.2KiB allocated for chunks. 10.2KiB in use in bin. 10.0KiB client-requested in use in bin.
2025-10-17 23:43:26.327329: I external/local_xla/xla/tsl/framework/bfc_allocator.cc:1056] Bin (2048): 	Total Chunks: 2, Chunks in use: 2. 7.0KiB allocated for chunks. 7.0KiB in use in bin. 6.8KiB client-requested in use in bin.
2025-10-17 23:43:26.327339: I external/local_xla/xla/tsl/framework/bfc_allocator.cc:1056] Bin (4096): 	Total Chunks: 0, Chunks in use: 0. 0B allocated for chunks. 0B in use in bin. 0B client-requested in use in bin.
2025-10-17 23:43:26.327349: I external/local_xla/xla/tsl/framework/bfc_allocator.cc:1056] Bin (8192): 	Total Chunks: 2, Chunks in use: 2. 24.2KiB allocated for chunks. 24.2KiB in use in bin. 16.0KiB client-requested in use in bin.
2025-10-17 23:43:26.327358: I external/local_xla/xla/tsl/framework/bfc_allocator.cc:1056] Bin (16384): 	Total Chunks: 0, Chunks in use: 0. 0B allocated for chunks. 0B in use in bin. 0B client-requested in use in bin.
2025-10-17 23:43:26.327367: I external/local_xla/xla/tsl/framework/bfc_allocator.cc:1056] Bin (32768): 	Total Chunks: 5, Chunks in use: 4. 219.8KiB allocated for chunks. 171.0KiB in use in bin. 137.0KiB client-requested in use in bin.
2025-10-17 23:43:26.327376: I external/local_xla/xla/tsl/framework/bfc_allocator.cc:1056] Bin (65536): 	Total Chunks: 2, Chunks in use: 2. 144.0KiB allocated for chunks. 144.0KiB in use in bin. 144.0KiB client-requested in use in bin.
2025-10-17 23:43:26.327385: I external/local_xla/xla/tsl/framework/bfc_allocator.cc:1056] Bin (131072): 	Total Chunks: 4, Chunks in use: 4. 560.0KiB allocated for chunks. 560.0KiB in use in bin. 544.0KiB client-requested in use in bin.
2025-10-17 23:43:26.327394: I external/local_xla/xla/tsl/framework/bfc_allocator.cc:1056] Bin (262144): 	Total Chunks: 4, Chunks in use: 4. 1.06MiB allocated for chunks. 1.06MiB in use in bin. 1.06MiB client-requested in use in bin.
2025-10-17 23:43:26.327402: I external/local_xla/xla/tsl/framework/bfc_allocator.cc:1056] Bin (524288): 	Total Chunks: 2, Chunks in use: 2. 1.16MiB allocated for chunks. 1.16MiB in use in bin. 1.12MiB client-requested in use in bin.
2025-10-17 23:43:26.327410: I external/local_xla/xla/tsl/framework/bfc_allocator.cc:1056] Bin (1048576): 	Total Chunks: 2, Chunks in use: 2. 2.25MiB allocated for chunks. 2.25MiB in use in bin. 2.25MiB client-requested in use in bin.
2025-10-17 23:43:26.327419: I external/local_xla/xla/tsl/framework/bfc_allocator.cc:1056] Bin (2097152): 	Total Chunks: 3, Chunks in use: 2. 6.50MiB allocated for chunks. 4.50MiB in use in bin. 4.50MiB client-requested in use in bin.
2025-10-17 23:43:26.327427: I external/local_xla/xla/tsl/framework/bfc_allocator.cc:1056] Bin (4194304): 	Total Chunks: 0, Chunks in use: 0. 0B allocated for chunks. 0B in use in bin. 0B client-requested in use in bin.
2025-10-17 23:43:26.327435: I external/local_xla/xla/tsl/framework/bfc_allocator.cc:1056] Bin (8388608): 	Total Chunks: 0, Chunks in use: 0. 0B allocated for chunks. 0B in use in bin. 0B client-requested in use in bin.
2025-10-17 23:43:26.327442: I external/local_xla/xla/tsl/framework/bfc_allocator.cc:1056] Bin (16777216): 	Total Chunks: 0, Chunks in use: 0. 0B allocated for chunks. 0B in use in bin. 0B client-requested in use in bin.
2025-10-17 23:43:26.327451: I external/local_xla/xla/tsl/framework/bfc_allocator.cc:1056] Bin (33554432): 	Total Chunks: 0, Chunks in use: 0. 0B allocated for chunks. 0B in use in bin. 0B client-requested in use in bin.
2025-10-17 23:43:26.327459: I external/local_xla/xla/tsl/framework/bfc_allocator.cc:1056] Bin (67108864): 	Total Chunks: 0, Chunks in use: 0. 0B allocated for chunks. 0B in use in bin. 0B client-requested in use in bin.
2025-10-17 23:43:26.327467: I external/local_xla/xla/tsl/framework/bfc_allocator.cc:1056] Bin (134217728): 	Total Chunks: 1, Chunks in use: 1. 240.00MiB allocated for chunks. 240.00MiB in use in bin. 240.00MiB client-requested in use in bin.
2025-10-17 23:43:26.327476: I external/local_xla/xla/tsl/framework/bfc_allocator.cc:1056] Bin (268435456): 	Total Chunks: 1, Chunks in use: 0. 14.17GiB allocated for chunks. 0B in use in bin. 0B client-requested in use in bin.
2025-10-17 23:43:26.327490: I external/local_xla/xla/tsl/framework/bfc_allocator.cc:1072] Bin for 15.29GiB was 256.00MiB, Chunk State: 
2025-10-17 23:43:26.327503: I external/local_xla/xla/tsl/framework/bfc_allocator.cc:1078]   Size: 14.17GiB | Requested Size: 16.01MiB | in_use: 0 | bin_num: 20, prev:   Size: 240.00MiB | Requested Size: 240.00MiB | in_use: 1 | bin_num: -1
2025-10-17 23:43:26.327510: I external/local_xla/xla/tsl/framework/bfc_allocator.cc:1085] Next region of size 15475408896
2025-10-17 23:43:26.327519: I external/local_xla/xla/tsl/framework/bfc_allocator.cc:1105] InUse at 14d5cc000000 of size 1280 next 1
2025-10-17 23:43:26.327527: I external/local_xla/xla/tsl/framework/bfc_allocator.cc:1105] InUse at 14d5cc000500 of size 256 next 2
2025-10-17 23:43:26.327535: I external/local_xla/xla/tsl/framework/bfc_allocator.cc:1105] InUse at 14d5cc000600 of size 256 next 3
2025-10-17 23:43:26.327541: I external/local_xla/xla/tsl/framework/bfc_allocator.cc:1105] InUse at 14d5cc000700 of size 256 next 4
2025-10-17 23:43:26.327548: I external/local_xla/xla/tsl/framework/bfc_allocator.cc:1105] InUse at 14d5cc000800 of size 256 next 5
2025-10-17 23:43:26.327555: I external/local_xla/xla/tsl/framework/bfc_allocator.cc:1105] InUse at 14d5cc000900 of size 256 next 7
2025-10-17 23:43:26.327563: I external/local_xla/xla/tsl/framework/bfc_allocator.cc:1105] InUse at 14d5cc000a00 of size 256 next 8
2025-10-17 23:43:26.327570: I external/local_xla/xla/tsl/framework/bfc_allocator.cc:1105] InUse at 14d5cc000b00 of size 256 next 6
2025-10-17 23:43:26.327576: I external/local_xla/xla/tsl/framework/bfc_allocator.cc:1105] InUse at 14d5cc000c00 of size 256 next 9
2025-10-17 23:43:26.327584: I external/local_xla/xla/tsl/framework/bfc_allocator.cc:1105] InUse at 14d5cc000d00 of size 256 next 12
2025-10-17 23:43:26.327591: I external/local_xla/xla/tsl/framework/bfc_allocator.cc:1105] InUse at 14d5cc000e00 of size 256 next 13
2025-10-17 23:43:26.327597: I external/local_xla/xla/tsl/framework/bfc_allocator.cc:1105] InUse at 14d5cc000f00 of size 256 next 14
2025-10-17 23:43:26.327604: I external/local_xla/xla/tsl/framework/bfc_allocator.cc:1105] InUse at 14d5cc001000 of size 256 next 15
2025-10-17 23:43:26.327611: I external/local_xla/xla/tsl/framework/bfc_allocator.cc:1105] InUse at 14d5cc001100 of size 256 next 16
2025-10-17 23:43:26.327618: I external/local_xla/xla/tsl/framework/bfc_allocator.cc:1105] InUse at 14d5cc001200 of size 256 next 19
2025-10-17 23:43:26.327625: I external/local_xla/xla/tsl/framework/bfc_allocator.cc:1105] InUse at 14d5cc001300 of size 256 next 17
2025-10-17 23:43:26.327632: I external/local_xla/xla/tsl/framework/bfc_allocator.cc:1105] InUse at 14d5cc001400 of size 256 next 18
2025-10-17 23:43:26.327639: I external/local_xla/xla/tsl/framework/bfc_allocator.cc:1105] InUse at 14d5cc001500 of size 256 next 22
2025-10-17 23:43:26.327646: I external/local_xla/xla/tsl/framework/bfc_allocator.cc:1105] InUse at 14d5cc001600 of size 256 next 23
2025-10-17 23:43:26.327653: I external/local_xla/xla/tsl/framework/bfc_allocator.cc:1105] InUse at 14d5cc001700 of size 256 next 24
2025-10-17 23:43:26.327660: I external/local_xla/xla/tsl/framework/bfc_allocator.cc:1105] InUse at 14d5cc001800 of size 256 next 27
2025-10-17 23:43:26.327667: I external/local_xla/xla/tsl/framework/bfc_allocator.cc:1105] InUse at 14d5cc001900 of size 256 next 28
2025-10-17 23:43:26.327674: I external/local_xla/xla/tsl/framework/bfc_allocator.cc:1105] InUse at 14d5cc001a00 of size 256 next 29
2025-10-17 23:43:26.327681: I external/local_xla/xla/tsl/framework/bfc_allocator.cc:1105] InUse at 14d5cc001b00 of size 256 next 30
2025-10-17 23:43:26.327688: I external/local_xla/xla/tsl/framework/bfc_allocator.cc:1105] InUse at 14d5cc001c00 of size 256 next 31
2025-10-17 23:43:26.327695: I external/local_xla/xla/tsl/framework/bfc_allocator.cc:1105] InUse at 14d5cc001d00 of size 256 next 34
2025-10-17 23:43:26.327702: I external/local_xla/xla/tsl/framework/bfc_allocator.cc:1105] InUse at 14d5cc001e00 of size 256 next 32
2025-10-17 23:43:26.327713: I external/local_xla/xla/tsl/framework/bfc_allocator.cc:1105] InUse at 14d5cc001f00 of size 256 next 33
2025-10-17 23:43:26.327720: I external/local_xla/xla/tsl/framework/bfc_allocator.cc:1105] InUse at 14d5cc002000 of size 512 next 37
2025-10-17 23:43:26.327735: I external/local_xla/xla/tsl/framework/bfc_allocator.cc:1105] InUse at 14d5cc002200 of size 512 next 38
2025-10-17 23:43:26.327742: I external/local_xla/xla/tsl/framework/bfc_allocator.cc:1105] InUse at 14d5cc002400 of size 512 next 39
2025-10-17 23:43:26.327749: I external/local_xla/xla/tsl/framework/bfc_allocator.cc:1105] InUse at 14d5cc002600 of size 512 next 10
2025-10-17 23:43:26.327757: I external/local_xla/xla/tsl/framework/bfc_allocator.cc:1105] InUse at 14d5cc002800 of size 3584 next 11
2025-10-17 23:43:26.327764: I external/local_xla/xla/tsl/framework/bfc_allocator.cc:1105] InUse at 14d5cc003600 of size 512 next 42
2025-10-17 23:43:26.327771: I external/local_xla/xla/tsl/framework/bfc_allocator.cc:1105] InUse at 14d5cc003800 of size 256 next 43
2025-10-17 23:43:26.327777: I external/local_xla/xla/tsl/framework/bfc_allocator.cc:1105] InUse at 14d5cc003900 of size 256 next 44
2025-10-17 23:43:26.327784: I external/local_xla/xla/tsl/framework/bfc_allocator.cc:1105] InUse at 14d5cc003a00 of size 512 next 45
2025-10-17 23:43:26.327792: I external/local_xla/xla/tsl/framework/bfc_allocator.cc:1105] InUse at 14d5cc003c00 of size 256 next 48
2025-10-17 23:43:26.327799: I external/local_xla/xla/tsl/framework/bfc_allocator.cc:1105] InUse at 14d5cc003d00 of size 256 next 46
2025-10-17 23:43:26.327805: I external/local_xla/xla/tsl/framework/bfc_allocator.cc:1105] InUse at 14d5cc003e00 of size 256 next 47
2025-10-17 23:43:26.327813: I external/local_xla/xla/tsl/framework/bfc_allocator.cc:1105] InUse at 14d5cc003f00 of size 1024 next 51
2025-10-17 23:43:26.327820: I external/local_xla/xla/tsl/framework/bfc_allocator.cc:1105] InUse at 14d5cc004300 of size 1024 next 52
2025-10-17 23:43:26.327827: I external/local_xla/xla/tsl/framework/bfc_allocator.cc:1105] InUse at 14d5cc004700 of size 1024 next 53
2025-10-17 23:43:26.327833: I external/local_xla/xla/tsl/framework/bfc_allocator.cc:1105] InUse at 14d5cc004b00 of size 1024 next 56
2025-10-17 23:43:26.327840: I external/local_xla/xla/tsl/framework/bfc_allocator.cc:1105] InUse at 14d5cc004f00 of size 1024 next 57
2025-10-17 23:43:26.327848: I external/local_xla/xla/tsl/framework/bfc_allocator.cc:1105] InUse at 14d5cc005300 of size 256 next 58
2025-10-17 23:43:26.327855: I external/local_xla/xla/tsl/framework/bfc_allocator.cc:1105] InUse at 14d5cc005400 of size 256 next 59
2025-10-17 23:43:26.327862: I external/local_xla/xla/tsl/framework/bfc_allocator.cc:1105] InUse at 14d5cc005500 of size 1024 next 60
2025-10-17 23:43:26.327870: I external/local_xla/xla/tsl/framework/bfc_allocator.cc:1105] InUse at 14d5cc005900 of size 256 next 63
2025-10-17 23:43:26.327876: I external/local_xla/xla/tsl/framework/bfc_allocator.cc:1105] InUse at 14d5cc005a00 of size 256 next 61
2025-10-17 23:43:26.327883: I external/local_xla/xla/tsl/framework/bfc_allocator.cc:1105] InUse at 14d5cc005b00 of size 256 next 62
2025-10-17 23:43:26.327889: I external/local_xla/xla/tsl/framework/bfc_allocator.cc:1105] InUse at 14d5cc005c00 of size 1024 next 66
2025-10-17 23:43:26.327897: I external/local_xla/xla/tsl/framework/bfc_allocator.cc:1105] InUse at 14d5cc006000 of size 256 next 67
2025-10-17 23:43:26.327904: I external/local_xla/xla/tsl/framework/bfc_allocator.cc:1105] InUse at 14d5cc006100 of size 256 next 68
2025-10-17 23:43:26.327911: I external/local_xla/xla/tsl/framework/bfc_allocator.cc:1105] InUse at 14d5cc006200 of size 256 next 70
2025-10-17 23:43:26.327918: I external/local_xla/xla/tsl/framework/bfc_allocator.cc:1105] InUse at 14d5cc006300 of size 512 next 71
2025-10-17 23:43:26.327925: I external/local_xla/xla/tsl/framework/bfc_allocator.cc:1105] InUse at 14d5cc006500 of size 256 next 74
2025-10-17 23:43:26.327932: I external/local_xla/xla/tsl/framework/bfc_allocator.cc:1105] InUse at 14d5cc006600 of size 256 next 72
2025-10-17 23:43:26.327943: I external/local_xla/xla/tsl/framework/bfc_allocator.cc:1105] InUse at 14d5cc006700 of size 61184 next 21
2025-10-17 23:43:26.327950: I external/local_xla/xla/tsl/framework/bfc_allocator.cc:1105] InUse at 14d5cc015600 of size 36864 next 20
2025-10-17 23:43:26.327958: I external/local_xla/xla/tsl/framework/bfc_allocator.cc:1105] InUse at 14d5cc01e600 of size 256 next 73
2025-10-17 23:43:26.327965: I external/local_xla/xla/tsl/framework/bfc_allocator.cc:1105] InUse at 14d5cc01e700 of size 256 next 77
2025-10-17 23:43:26.327972: I external/local_xla/xla/tsl/framework/bfc_allocator.cc:1105] InUse at 14d5cc01e800 of size 256 next 76
2025-10-17 23:43:26.327978: I external/local_xla/xla/tsl/framework/bfc_allocator.cc:1105] InUse at 14d5cc01e900 of size 256 next 78
2025-10-17 23:43:26.327986: I external/local_xla/xla/tsl/framework/bfc_allocator.cc:1105] InUse at 14d5cc01ea00 of size 256 next 80
2025-10-17 23:43:26.327993: I external/local_xla/xla/tsl/framework/bfc_allocator.cc:1105] InUse at 14d5cc01eb00 of size 256 next 82
2025-10-17 23:43:26.328000: I external/local_xla/xla/tsl/framework/bfc_allocator.cc:1105] InUse at 14d5cc01ec00 of size 256 next 83
2025-10-17 23:43:26.328006: I external/local_xla/xla/tsl/framework/bfc_allocator.cc:1105] InUse at 14d5cc01ed00 of size 256 next 81
2025-10-17 23:43:26.328014: I external/local_xla/xla/tsl/framework/bfc_allocator.cc:1105] InUse at 14d5cc01ee00 of size 256 next 86
2025-10-17 23:43:26.328021: I external/local_xla/xla/tsl/framework/bfc_allocator.cc:1105] InUse at 14d5cc01ef00 of size 256 next 84
2025-10-17 23:43:26.328028: I external/local_xla/xla/tsl/framework/bfc_allocator.cc:1105] InUse at 14d5cc01f000 of size 256 next 87
2025-10-17 23:43:26.328034: I external/local_xla/xla/tsl/framework/bfc_allocator.cc:1105] InUse at 14d5cc01f100 of size 256 next 88
2025-10-17 23:43:26.328041: I external/local_xla/xla/tsl/framework/bfc_allocator.cc:1105] InUse at 14d5cc01f200 of size 512 next 90
2025-10-17 23:43:26.328048: I external/local_xla/xla/tsl/framework/bfc_allocator.cc:1105] InUse at 14d5cc01f400 of size 256 next 91
2025-10-17 23:43:26.328056: I external/local_xla/xla/tsl/framework/bfc_allocator.cc:1105] InUse at 14d5cc01f500 of size 3584 next 89
2025-10-17 23:43:26.328062: I external/local_xla/xla/tsl/framework/bfc_allocator.cc:1105] InUse at 14d5cc020300 of size 1024 next 97
2025-10-17 23:43:26.328070: I external/local_xla/xla/tsl/framework/bfc_allocator.cc:1105] InUse at 14d5cc020700 of size 256 next 98
2025-10-17 23:43:26.328077: I external/local_xla/xla/tsl/framework/bfc_allocator.cc:1105] InUse at 14d5cc020800 of size 9728 next 85
2025-10-17 23:43:26.328084: I external/local_xla/xla/tsl/framework/bfc_allocator.cc:1105] InUse at 14d5cc022e00 of size 15104 next 79
2025-10-17 23:43:26.328091: I external/local_xla/xla/tsl/framework/bfc_allocator.cc:1105] InUse at 14d5cc026900 of size 40192 next 26
2025-10-17 23:43:26.328099: I external/local_xla/xla/tsl/framework/bfc_allocator.cc:1105] InUse at 14d5cc030600 of size 73728 next 25
2025-10-17 23:43:26.328106: I external/local_xla/xla/tsl/framework/bfc_allocator.cc:1105] InUse at 14d5cc042600 of size 147456 next 93
2025-10-17 23:43:26.328113: I external/local_xla/xla/tsl/framework/bfc_allocator.cc:1105] InUse at 14d5cc066600 of size 147456 next 36
2025-10-17 23:43:26.328119: I external/local_xla/xla/tsl/framework/bfc_allocator.cc:1105] InUse at 14d5cc08a600 of size 147456 next 35
2025-10-17 23:43:26.328126: I external/local_xla/xla/tsl/framework/bfc_allocator.cc:1105] InUse at 14d5cc0ae600 of size 131072 next 75
2025-10-17 23:43:26.328134: I external/local_xla/xla/tsl/framework/bfc_allocator.cc:1105] InUse at 14d5cc0ce600 of size 73728 next 92
2025-10-17 23:43:26.328141: I external/local_xla/xla/tsl/framework/bfc_allocator.cc:1105] InUse at 14d5cc0e0600 of size 256 next 99
2025-10-17 23:43:26.328148: I external/local_xla/xla/tsl/framework/bfc_allocator.cc:1105] InUse at 14d5cc0e0700 of size 256 next 100
2025-10-17 23:43:26.328155: I external/local_xla/xla/tsl/framework/bfc_allocator.cc:1105] InUse at 14d5cc0e0800 of size 256 next 101
2025-10-17 23:43:26.328166: I external/local_xla/xla/tsl/framework/bfc_allocator.cc:1105] InUse at 14d5cc0e0900 of size 256 next 102
2025-10-17 23:43:26.328173: I external/local_xla/xla/tsl/framework/bfc_allocator.cc:1105] InUse at 14d5cc0e0a00 of size 36864 next 103
2025-10-17 23:43:26.328180: I external/local_xla/xla/tsl/framework/bfc_allocator.cc:1105] InUse at 14d5cc0e9a00 of size 256 next 104
2025-10-17 23:43:26.328187: I external/local_xla/xla/tsl/framework/bfc_allocator.cc:1105] InUse at 14d5cc0e9b00 of size 512 next 106
2025-10-17 23:43:26.328194: I external/local_xla/xla/tsl/framework/bfc_allocator.cc:1105] InUse at 14d5cc0e9d00 of size 1024 next 110
2025-10-17 23:43:26.328201: I external/local_xla/xla/tsl/framework/bfc_allocator.cc:1105] InUse at 14d5cc0ea100 of size 256 next 116
2025-10-17 23:43:26.328208: I external/local_xla/xla/tsl/framework/bfc_allocator.cc:1105] InUse at 14d5cc0ea200 of size 256 next 113
2025-10-17 23:43:26.328215: I external/local_xla/xla/tsl/framework/bfc_allocator.cc:1105] Free  at 14d5cc0ea300 of size 49920 next 41
2025-10-17 23:43:26.328222: I external/local_xla/xla/tsl/framework/bfc_allocator.cc:1105] InUse at 14d5cc0f6600 of size 294912 next 40
2025-10-17 23:43:26.328229: I external/local_xla/xla/tsl/framework/bfc_allocator.cc:1105] InUse at 14d5cc13e600 of size 262144 next 69
2025-10-17 23:43:26.328236: I external/local_xla/xla/tsl/framework/bfc_allocator.cc:1105] InUse at 14d5cc17e600 of size 294912 next 94
2025-10-17 23:43:26.328243: I external/local_xla/xla/tsl/framework/bfc_allocator.cc:1105] InUse at 14d5cc1c6600 of size 622592 next 50
2025-10-17 23:43:26.328251: I external/local_xla/xla/tsl/framework/bfc_allocator.cc:1105] InUse at 14d5cc25e600 of size 589824 next 49
2025-10-17 23:43:26.328258: I external/local_xla/xla/tsl/framework/bfc_allocator.cc:1105] InUse at 14d5cc2ee600 of size 1179648 next 55
2025-10-17 23:43:26.328265: I external/local_xla/xla/tsl/framework/bfc_allocator.cc:1105] InUse at 14d5cc40e600 of size 1179648 next 54
2025-10-17 23:43:26.328272: I external/local_xla/xla/tsl/framework/bfc_allocator.cc:1105] InUse at 14d5cc52e600 of size 2359296 next 95
2025-10-17 23:43:26.328279: I external/local_xla/xla/tsl/framework/bfc_allocator.cc:1105] InUse at 14d5cc76e600 of size 262144 next 96
2025-10-17 23:43:26.328286: I external/local_xla/xla/tsl/framework/bfc_allocator.cc:1105] Free  at 14d5cc7ae600 of size 2097152 next 65
2025-10-17 23:43:26.328292: I external/local_xla/xla/tsl/framework/bfc_allocator.cc:1105] InUse at 14d5cc9ae600 of size 2359296 next 64
2025-10-17 23:43:26.328299: I external/local_xla/xla/tsl/framework/bfc_allocator.cc:1105] InUse at 14d5ccbee600 of size 251658240 next 105
2025-10-17 23:43:26.328307: I external/local_xla/xla/tsl/framework/bfc_allocator.cc:1105] Free  at 14d5dbbee600 of size 15211239936 next 18446744073709551615
2025-10-17 23:43:26.328314: I external/local_xla/xla/tsl/framework/bfc_allocator.cc:1110]      Summary of in-use Chunks by size: 
2025-10-17 23:43:26.328322: I external/local_xla/xla/tsl/framework/bfc_allocator.cc:1113] 63 Chunks of size 256 totalling 15.8KiB
2025-10-17 23:43:26.328331: I external/local_xla/xla/tsl/framework/bfc_allocator.cc:1113] 9 Chunks of size 512 totalling 4.5KiB
2025-10-17 23:43:26.328339: I external/local_xla/xla/tsl/framework/bfc_allocator.cc:1113] 9 Chunks of size 1024 totalling 9.0KiB
2025-10-17 23:43:26.328346: I external/local_xla/xla/tsl/framework/bfc_allocator.cc:1113] 1 Chunks of size 1280 totalling 1.2KiB
2025-10-17 23:43:26.328353: I external/local_xla/xla/tsl/framework/bfc_allocator.cc:1113] 2 Chunks of size 3584 totalling 7.0KiB
2025-10-17 23:43:26.328362: I external/local_xla/xla/tsl/framework/bfc_allocator.cc:1113] 1 Chunks of size 9728 totalling 9.5KiB
2025-10-17 23:43:26.328370: I external/local_xla/xla/tsl/framework/bfc_allocator.cc:1113] 1 Chunks of size 15104 totalling 14.8KiB
2025-10-17 23:43:26.328378: I external/local_xla/xla/tsl/framework/bfc_allocator.cc:1113] 2 Chunks of size 36864 totalling 72.0KiB
2025-10-17 23:43:26.328385: I external/local_xla/xla/tsl/framework/bfc_allocator.cc:1113] 1 Chunks of size 40192 totalling 39.2KiB
2025-10-17 23:43:26.328397: I external/local_xla/xla/tsl/framework/bfc_allocator.cc:1113] 1 Chunks of size 61184 totalling 59.8KiB
2025-10-17 23:43:26.328406: I external/local_xla/xla/tsl/framework/bfc_allocator.cc:1113] 2 Chunks of size 73728 totalling 144.0KiB
2025-10-17 23:43:26.328413: I external/local_xla/xla/tsl/framework/bfc_allocator.cc:1113] 1 Chunks of size 131072 totalling 128.0KiB
2025-10-17 23:43:26.328421: I external/local_xla/xla/tsl/framework/bfc_allocator.cc:1113] 3 Chunks of size 147456 totalling 432.0KiB
2025-10-17 23:43:26.328429: I external/local_xla/xla/tsl/framework/bfc_allocator.cc:1113] 2 Chunks of size 262144 totalling 512.0KiB
2025-10-17 23:43:26.328437: I external/local_xla/xla/tsl/framework/bfc_allocator.cc:1113] 2 Chunks of size 294912 totalling 576.0KiB
2025-10-17 23:43:26.328445: I external/local_xla/xla/tsl/framework/bfc_allocator.cc:1113] 1 Chunks of size 589824 totalling 576.0KiB
2025-10-17 23:43:26.328453: I external/local_xla/xla/tsl/framework/bfc_allocator.cc:1113] 1 Chunks of size 622592 totalling 608.0KiB
2025-10-17 23:43:26.328461: I external/local_xla/xla/tsl/framework/bfc_allocator.cc:1113] 2 Chunks of size 1179648 totalling 2.25MiB
2025-10-17 23:43:26.328469: I external/local_xla/xla/tsl/framework/bfc_allocator.cc:1113] 2 Chunks of size 2359296 totalling 4.50MiB
2025-10-17 23:43:26.328477: I external/local_xla/xla/tsl/framework/bfc_allocator.cc:1113] 1 Chunks of size 251658240 totalling 240.00MiB
2025-10-17 23:43:26.328484: I external/local_xla/xla/tsl/framework/bfc_allocator.cc:1117] Sum Total of in-use chunks: 249.88MiB
2025-10-17 23:43:26.328492: I external/local_xla/xla/tsl/framework/bfc_allocator.cc:1119] Total bytes in pool: 15475408896 memory_limit_: 15475408896 available bytes: 0 curr_region_allocation_bytes_: 30950817792
2025-10-17 23:43:26.328502: I external/local_xla/xla/tsl/framework/bfc_allocator.cc:1124] Stats: 
Limit:                     15475408896
InUse:                       262021888
MaxInUse:                  13786496768
NumAllocs:                         734
MaxAllocSize:              10924326912
Reserved:                            0
PeakReserved:                        0
LargestFreeBlock:                    0

2025-10-17 23:43:26.328514: W external/local_xla/xla/tsl/framework/bfc_allocator.cc:512] **__________________________________________________________________________________________________
2025-10-17 23:43:26.328684: I tensorflow/core/framework/local_rendezvous.cc:407] Local rendezvous is aborting with status: RESOURCE_EXHAUSTED: Out of memory while trying to allocate 16421345960 bytes.
	 [[{{node StatefulPartitionedCall}}]]
Hint: If you want to see a list of allocated tensors when OOM happens, add report_tensor_allocations_upon_oom to RunOptions for current allocation info. This isn't available when running in Eager mode.
 [tf-allocator-allocation-error='']
Traceback (most recent call last):
  File "/mnt/lustre/koa/scratch/jordanw7/ADSA-AI/ADSA-AI-JordanWang/ModelScripts/ModelSurfaceTension.py", line 233, in <module>
    main()
  File "/mnt/lustre/koa/scratch/jordanw7/ADSA-AI/ADSA-AI-JordanWang/ModelScripts/ModelSurfaceTension.py", line 136, in main
    history = model.fit(train_gen,
              ^^^^^^^^^^^^^^^^^^^^
  File "/home/jordanw7/.local/lib/python3.11/site-packages/keras/src/utils/traceback_utils.py", line 122, in error_handler
    raise e.with_traceback(filtered_tb) from None
  File "/home/jordanw7/.conda/envs/ADSAenv/lib/python3.11/site-packages/tensorflow/python/eager/execute.py", line 53, in quick_execute
    tensors = pywrap_tfe.TFE_Py_Execute(ctx._handle, device_name, op_name,
  ^^^^^^^^^^^^^^^^^^^^^^^^^^^^^^^^^^^^^^^^^^^^^^^^^^^^^^^^^^^^^^^^^^^^^^^^
tensorflow.python.framework.errors_impl.ResourceExhaustedError: Graph execution error:

Detected at node StatefulPartitionedCall defined at (most recent call last):
  File "/mnt/lustre/koa/scratch/jordanw7/ADSA-AI/ADSA-AI-JordanWang/ModelScripts/ModelSurfaceTension.py", line 233, in <module>

  File "/mnt/lustre/koa/scratch/jordanw7/ADSA-AI/ADSA-AI-JordanWang/ModelScripts/ModelSurfaceTension.py", line 136, in main

  File "/home/jordanw7/.local/lib/python3.11/site-packages/keras/src/utils/traceback_utils.py", line 117, in error_handler

  File "/home/jordanw7/.local/lib/python3.11/site-packages/keras/src/backend/tensorflow/trainer.py", line 377, in fit

  File "/home/jordanw7/.local/lib/python3.11/site-packages/keras/src/backend/tensorflow/trainer.py", line 220, in function

  File "/home/jordanw7/.local/lib/python3.11/site-packages/keras/src/backend/tensorflow/trainer.py", line 133, in multi_step_on_iterator

Out of memory while trying to allocate 16421345960 bytes.
	 [[{{node StatefulPartitionedCall}}]]
Hint: If you want to see a list of allocated tensors when OOM happens, add report_tensor_allocations_upon_oom to RunOptions for current allocation info. This isn't available when running in Eager mode.
 [Op:__inference_multi_step_on_iterator_6960]
2025-10-17 23:43:26.935979: W tensorflow/core/kernels/data/generator_dataset_op.cc:110] Error occurred when finalizing GeneratorDataset iterator: FAILED_PRECONDITION: Python interpreter state is not initialized. The process may be terminated.
	 [[{{node PyFunc}}]]
F0000 00:00:1760744607.283113  555334 bfc_allocator.cc:807] Check failed: c->in_use() && (c->bin_num == kInvalidBinNum) 
*** Check failure stack trace: ***
    @     0x14da96834fe4  absl::lts_20250127::log_internal::LogMessage::SendToLog()
    @     0x14da96834976  absl::lts_20250127::log_internal::LogMessage::Flush()
    @     0x14da96835539  absl::lts_20250127::log_internal::LogMessageFatal::~LogMessageFatal()
    @     0x14da95bf447e  tsl::BFCAllocator::DeallocateRawInternal()
    @     0x14da95bf3cf2  tsl::BFCAllocator::DeallocateRaw()
    @     0x14da7ea439b9  tensorflow::(anonymous namespace)::MlirTensorBuffer::~MlirTensorBuffer()
    @     0x14da96448a6c  tensorflow::Tensor::~Tensor()
    @     0x14da9629dc73  tensorflow::Var::~Var()
    @     0x14da9649a032  tensorflow::ResourceHandle::~ResourceHandle()
    @     0x14da9645fb28  tensorflow::(anonymous namespace)::Buffer<>::~Buffer()
    @     0x14da9645fbbe  tensorflow::(anonymous namespace)::Buffer<>::~Buffer()
    @     0x14da96448a6c  tensorflow::Tensor::~Tensor()
    @     0x14da87bf3fa1  std::__detail::__variant::__gen_vtable_impl<>::__visit_invoke()
    @     0x14da87beff2a  tensorflow::TensorHandle::~TensorHandle()
    @     0x14da87bf00de  tensorflow::TensorHandle::~TensorHandle()
    @     0x14da85475f75  TFE_DeleteTensorHandle
    @     0x14da587e5568  EagerTensor_dealloc
    @           0x5028db  tupledealloc
/var/spool/slurm/d/job8690494/slurm_script: line 30: 555334 Aborted                 (core dumped) python ModelSurfaceTension.py
