Agent pid 555310
Already up to date.
Image directory path: /home/jordanw7/koa_scratch/ADSA-AI/DataSetCombined/Edges
Output CSV path: /home/jordanw7/koa_scratch/ADSA-AI/DataSetCombined/output_params.csv
[INFO] Computed normalization stats: mean=[9.9271584e-01 6.0119742e-04], std=[0.00061441 0.00056276]
Epoch 1/50
[main c41ebfd] Predictions saved for job 8690494
 Committer: Jordan Wang <jordanw7@gn-16-26-00.mana.ci.its.hawaii.edu>
Your name and email address were configured automatically based
on your username and hostname. Please check that they are accurate.
You can suppress this message by setting them explicitly. Run the
following command and follow the instructions in your editor to edit
your configuration file:

    git config --global --edit

After doing this, you may fix the identity used for this commit with:

    git commit --amend --reset-author

 3 files changed, 289 insertions(+)
 create mode 100644 ModelScripts/__pycache__/CustomCNNDataGenerator.cpython-311.pyc
 create mode 100644 ModelScripts/model-8690494.err
 create mode 100644 ModelScripts/model-8690494.out
